\BOOKMARK [1][-]{section.1}{Description}{}
\BOOKMARK [2][-]{subsection.1.1}{Genotype}{section.1}
\BOOKMARK [2][-]{subsection.1.2}{Fitness}{section.1}
\BOOKMARK [1][-]{section.2}{Results}{}
\BOOKMARK [2][-]{subsection.2.1}{Test Case 1}{section.2}
\BOOKMARK [3][-]{subsubsection.2.1.1}{EA Parameters}{subsection.2.1}
\BOOKMARK [3][-]{subsubsection.2.1.2}{End Results}{subsection.2.1}
\BOOKMARK [2][-]{subsection.2.2}{Test Case 2}{section.2}
\BOOKMARK [3][-]{subsubsection.2.2.1}{EA Parameters}{subsection.2.2}
\BOOKMARK [3][-]{subsubsection.2.2.2}{End Results}{subsection.2.2}
\BOOKMARK [2][-]{subsection.2.3}{Test Case 3}{section.2}
\BOOKMARK [3][-]{subsubsection.2.3.1}{EA Parameters}{subsection.2.3}
\BOOKMARK [3][-]{subsubsection.2.3.2}{End Results}{subsection.2.3}
\BOOKMARK [2][-]{subsection.2.4}{Test Case 4}{section.2}
\BOOKMARK [3][-]{subsubsection.2.4.1}{EA Parameters}{subsection.2.4}
\BOOKMARK [3][-]{subsubsection.2.4.2}{End Results}{subsection.2.4}
\BOOKMARK [2][-]{subsection.2.5}{Test Case 5}{section.2}
\BOOKMARK [3][-]{subsubsection.2.5.1}{EA Parameters}{subsection.2.5}
\BOOKMARK [3][-]{subsubsection.2.5.2}{End Results}{subsection.2.5}
\BOOKMARK [2][-]{subsection.2.6}{Test Case 6}{section.2}
\BOOKMARK [3][-]{subsubsection.2.6.1}{EA Parameters}{subsection.2.6}
\BOOKMARK [3][-]{subsubsection.2.6.2}{End Results}{subsection.2.6}
\BOOKMARK [2][-]{subsection.2.7}{Test Case 7}{section.2}
\BOOKMARK [3][-]{subsubsection.2.7.1}{EA Parameters}{subsection.2.7}
\BOOKMARK [3][-]{subsubsection.2.7.2}{End Results}{subsection.2.7}
\BOOKMARK [2][-]{subsection.2.8}{Test Case 8}{section.2}
\BOOKMARK [3][-]{subsubsection.2.8.1}{EA Parameters}{subsection.2.8}
\BOOKMARK [3][-]{subsubsection.2.8.2}{End Results}{subsection.2.8}
\BOOKMARK [2][-]{subsection.2.9}{Test Case 9}{section.2}
\BOOKMARK [3][-]{subsubsection.2.9.1}{EA Parameters}{subsection.2.9}
\BOOKMARK [3][-]{subsubsection.2.9.2}{End Results}{subsection.2.9}
\BOOKMARK [2][-]{subsection.2.10}{Test Case 10}{section.2}
\BOOKMARK [3][-]{subsubsection.2.10.1}{EA Parameters}{subsection.2.10}
\BOOKMARK [3][-]{subsubsection.2.10.2}{End Results}{subsection.2.10}
\BOOKMARK [2][-]{subsection.2.11}{Test Case 11}{section.2}
\BOOKMARK [3][-]{subsubsection.2.11.1}{EA Parameters}{subsection.2.11}
\BOOKMARK [3][-]{subsubsection.2.11.2}{End Results}{subsection.2.11}
\BOOKMARK [2][-]{subsection.2.12}{Test Case 12}{section.2}
\BOOKMARK [3][-]{subsubsection.2.12.1}{EA Parameters}{subsection.2.12}
\BOOKMARK [3][-]{subsubsection.2.12.2}{End Results}{subsection.2.12}
\BOOKMARK [1][-]{section.3}{Discussion}{}
\BOOKMARK [2][-]{subsection.3.1}{Practical Implications}{section.3}
\BOOKMARK [2][-]{subsection.3.2}{Other Uses}{section.3}
